#
# There is insufficient memory for the Java Runtime Environment to continue.
# Native memory allocation (malloc) failed to allocate 1048576 bytes for AllocateHeap
# Possible reasons:
#   The system is out of physical RAM or swap space
#   In 32 bit mode, the process size limit was hit
# Possible solutions:
#   Reduce memory load on the system
#   Increase physical memory or swap space
#   Check if swap backing store is full
#   Use 64 bit Java on a 64 bit OS
#   Decrease Java heap size (-Xmx/-Xms)
#   Decrease number of Java threads
#   Decrease Java thread stack sizes (-Xss)
#   Set larger code cache with -XX:ReservedCodeCacheSize=
# This output file may be truncated or incomplete.
#
#  Out of Memory Error (memory/allocation.inline.hpp:61), pid=1896, tid=0x0000000000002c98
#
# JRE version:  (8.0) (build )
# Java VM: OpenJDK 64-Bit Server VM (25.71-b00 mixed mode windows-amd64 compressed oops)
# Failed to write core dump. Minidumps are not enabled by default on client versions of Windows
#

---------------  T H R E A D  ---------------

Current thread (0x000000000293e000):  JavaThread "Unknown thread" [_thread_in_vm, id=11416, stack(0x00000000027e0000,0x00000000028e0000)]

Stack: [0x00000000027e0000,0x00000000028e0000]
[error occurred during error reporting (printing stack bounds), id 0xc0000005]

Native frames: (J=compiled Java code, j=interpreted, Vv=VM code, C=native code)


---------------  P R O C E S S  ---------------

Java Threads: ( => current thread )

Other Threads:

=>0x000000000293e000 (exited) JavaThread "Unknown thread" [_thread_in_vm, id=11416, stack(0x00000000027e0000,0x00000000028e0000)]

VM state:not at safepoint (normal execution)

VM Mutex/Monitor currently owned by a thread: None

Heap:
 PSYoungGen      total 18944K, used 327K [0x00000000feb00000, 0x0000000100000000, 0x0000000100000000)
  eden space 16384K, 2% used [0x00000000feb00000,0x00000000feb51ec8,0x00000000ffb00000)
  from space 2560K, 0% used [0x00000000ffd80000,0x00000000ffd80000,0x0000000100000000)
  to   space 2560K, 0% used [0x00000000ffb00000,0x00000000ffb00000,0x00000000ffd80000)
 ParOldGen       total 44032K, used 0K [0x00000000fc000000, 0x00000000feb00000, 0x00000000feb00000)
  object space 44032K, 0% used [0x00000000fc000000,0x00000000fc000000,0x00000000feb00000)
 Metaspace       used 777K, capacity 4480K, committed 4480K, reserved 1056768K
  class space    used 74K, capacity 384K, committed 384K, reserved 1048576K

Card table byte_map: [0x0000000000a70000,0x0000000000aa0000] byte_map_base: 0x0000000000290000

Marking Bits: (ParMarkBitMap*) 0x000000007373be50
 Begin Bits: [0x0000000012680000, 0x0000000012780000)
 End Bits:   [0x0000000012780000, 0x0000000012880000)

Polling page: 0x00000000005f0000

CodeCache: size=245760Kb used=328Kb max_used=328Kb free=245431Kb
 bounds [0x0000000002ac0000, 0x0000000002d30000, 0x0000000011ac0000]
 total_blobs=57 nmethods=0 adapters=38
 compilation: enabled

Compilation events (0 events):
No events

GC Heap History (0 events):
No events

Deoptimization events (0 events):
No events

Classes redefined (0 events):
No events

Internal exceptions (0 events):
No events

Events (10 events):
Event: 0.015 loading class java/lang/Short
Event: 0.015 loading class java/lang/Short done
Event: 0.015 loading class java/lang/Integer
Event: 0.015 loading class java/lang/Integer done
Event: 0.015 loading class java/lang/Long
Event: 0.015 loading class java/lang/Long done
Event: 0.016 loading class java/lang/NullPointerException
Event: 0.016 loading class java/lang/NullPointerException done
Event: 0.016 loading class java/lang/ArithmeticException
Event: 0.016 loading class java/lang/ArithmeticException done


Dynamic libraries:
0x00007ff757910000 - 0x00007ff757945000 	C:\Program Files\Unity\Editor\Data\PlaybackEngines\AndroidPlayer\Tools\OpenJDK\Windows\bin\java.exe
0x00007ffcfc5a0000 - 0x00007ffcfc790000 	C:\WINDOWS\SYSTEM32\ntdll.dll
0x00007ffcfa910000 - 0x00007ffcfa9c2000 	C:\WINDOWS\System32\KERNEL32.DLL
0x00007ffcf9530000 - 0x00007ffcf97d3000 	C:\WINDOWS\System32\KERNELBASE.dll
0x00007ffcfbd80000 - 0x00007ffcfbe23000 	C:\WINDOWS\System32\ADVAPI32.dll
0x00007ffcfbe30000 - 0x00007ffcfbece000 	C:\WINDOWS\System32\msvcrt.dll
0x00007ffcfbce0000 - 0x00007ffcfbd77000 	C:\WINDOWS\System32\sechost.dll
0x00007ffcfa700000 - 0x00007ffcfa820000 	C:\WINDOWS\System32\RPCRT4.dll
0x00007ffcfae00000 - 0x00007ffcfaf94000 	C:\WINDOWS\System32\USER32.dll
0x00007ffcf9ad0000 - 0x00007ffcf9af1000 	C:\WINDOWS\System32\win32u.dll
0x00007ffcfbfe0000 - 0x00007ffcfc006000 	C:\WINDOWS\System32\GDI32.dll
0x00007ffcf9c00000 - 0x00007ffcf9d94000 	C:\WINDOWS\System32\gdi32full.dll
0x00007ffcf9b60000 - 0x00007ffcf9bfe000 	C:\WINDOWS\System32\msvcp_win.dll
0x00007ffcf9850000 - 0x00007ffcf994a000 	C:\WINDOWS\System32\ucrtbase.dll
0x00007ffce98d0000 - 0x00007ffce9b55000 	C:\WINDOWS\WinSxS\amd64_microsoft.windows.common-controls_6595b64144ccf1df_6.0.18362.535_none_e6c3b34713100821\COMCTL32.dll
0x00007ffcfaa50000 - 0x00007ffcfad86000 	C:\WINDOWS\System32\combase.dll
0x00007ffcf9da0000 - 0x00007ffcf9e20000 	C:\WINDOWS\System32\bcryptPrimitives.dll
0x00007ffcfa650000 - 0x00007ffcfa67e000 	C:\WINDOWS\System32\IMM32.DLL
0x00000000737c0000 - 0x0000000073892000 	C:\Program Files\Unity\Editor\Data\PlaybackEngines\AndroidPlayer\Tools\OpenJDK\Windows\jre\bin\msvcr100.dll
0x0000000072f70000 - 0x00000000737b9000 	C:\Program Files\Unity\Editor\Data\PlaybackEngines\AndroidPlayer\Tools\OpenJDK\Windows\jre\bin\server\jvm.dll
0x00007ffcfc010000 - 0x00007ffcfc018000 	C:\WINDOWS\System32\PSAPI.DLL
0x00007ffcea8b0000 - 0x00007ffcea8ba000 	C:\WINDOWS\SYSTEM32\VERSION.dll
0x00007ffcf6b30000 - 0x00007ffcf6b54000 	C:\WINDOWS\SYSTEM32\WINMM.dll
0x00007ffcefff0000 - 0x00007ffcefff9000 	C:\WINDOWS\SYSTEM32\WSOCK32.dll
0x00007ffcfa8a0000 - 0x00007ffcfa90f000 	C:\WINDOWS\System32\WS2_32.dll
0x00007ffcf6a90000 - 0x00007ffcf6abd000 	C:\WINDOWS\SYSTEM32\winmmbase.dll
0x00007ffcf97e0000 - 0x00007ffcf982a000 	C:\WINDOWS\System32\cfgmgr32.dll
0x00007ffceffa0000 - 0x00007ffceffaf000 	C:\Program Files\Unity\Editor\Data\PlaybackEngines\AndroidPlayer\Tools\OpenJDK\Windows\jre\bin\verify.dll
0x00007ffcd19d0000 - 0x00007ffcd19f9000 	C:\Program Files\Unity\Editor\Data\PlaybackEngines\AndroidPlayer\Tools\OpenJDK\Windows\jre\bin\java.dll
0x00007ffcd6c50000 - 0x00007ffcd6c66000 	C:\Program Files\Unity\Editor\Data\PlaybackEngines\AndroidPlayer\Tools\OpenJDK\Windows\jre\bin\zip.dll

VM Arguments:
jvm_args: -Xmx64M -Dcom.android.sdkmanager.toolsdir=C:\Users\DELL\AppData\Local\Android\Sdk\tools -Dfile.encoding=UTF8 
java_command: C:\Program Files\Unity\Editor\Data\PlaybackEngines\AndroidPlayer/Tools\sdktools.jar -
java_class_path (initial): C:\Program Files\Unity\Editor\Data\PlaybackEngines\AndroidPlayer/Tools\sdktools.jar
Launcher Type: SUN_STANDARD

Environment Variables:
JAVA_HOME=C:\Program Files\Unity\Editor\Data\PlaybackEngines\AndroidPlayer/Tools\OpenJDK\Windows
PATH=C:\Program Files (x86)\Common Files\Oracle\Java\javapath;C:\WINDOWS\system32;C:\WINDOWS;C:\WINDOWS\System32\Wbem;C:\WINDOWS\System32\WindowsPowerShell\v1.0\;C:\WINDOWS\System32\OpenSSH\;C:\Program Files (x86)\Microsoft SQL Server\110\Tools\Binn\;C:\Program Files\Microsoft SQL Server\110\Tools\Binn\;C:\Program Files\Microsoft SQL Server\110\DTS\Binn\;C:\Program Files (x86)\Microsoft SQL Server\110\Tools\Binn\ManagementStudio\;C:\Program Files (x86)\Microsoft Visual Studio 10.0\Common7\IDE\PrivateAssemblies\;C:\Program Files (x86)\Microsoft SQL Server\110\DTS\Binn\;C:\Program Files\Git\cmd;C:\Users\DELL\AppData\Local\Microsoft\WindowsApps;
USERNAME=DELL
OS=Windows_NT
PROCESSOR_IDENTIFIER=Intel64 Family 6 Model 142 Stepping 10, GenuineIntel



---------------  S Y S T E M  ---------------

OS: Windows 10.0 , 64 bit Build 18362 (10.0.18362.329)

CPU:total 8 (initial active 8) (4 cores per cpu, 2 threads per core) family 6 model 142 stepping 10, cmov, cx8, fxsr, mmx, sse, sse2, sse3, ssse3, sse4.1, sse4.2, popcnt, avx, avx2, aes, clmul, erms, 3dnowpref, lzcnt, ht, tsc, tscinvbit, bmi1, bmi2, adx

Memory: 4k page, physical 8250436k(972348k free), swap 12444740k(4944k free)

vm_info: OpenJDK 64-Bit Server VM (25.71-b00) for windows-amd64 JRE (1.8.0-adoptopenjdk-_2018_05_19_00_59-b00), built on May 19 2018 01:02:12 by "jenkins" with MS VC++ 10.0 (VS2010)

time: Wed Jan 08 17:40:08 2020
elapsed time: 0 seconds (0d 0h 0m 0s)

